<?xml version="1.0" encoding="UTF-8"?>
<testsuite xmlns:xsi="http://www.w3.org/2001/XMLSchema-instance" xsi:noNamespaceSchemaLocation="https://maven.apache.org/surefire/maven-surefire-plugin/xsd/surefire-test-report.xsd" name="com.mkyong.reactive.TestWeb" time="5.313" tests="1" errors="0" skipped="0" failures="0">
  <properties>
    <property name="sun.desktop" value="windows"/>
    <property name="awt.toolkit" value="sun.awt.windows.WToolkit"/>
    <property name="file.encoding.pkg" value="sun.io"/>
    <property name="java.specification.version" value="1.8"/>
    <property name="sun.cpu.isalist" value="pentium_pro+mmx pentium_pro pentium+mmx pentium i486 i386 i86"/>
    <property name="sun.jnu.encoding" value="Cp1252"/>
    <property name="java.class.path" value="C:\sampleCode ThymeLeaf\spring-boot-master\spring-boot-master\webflux-thymeleaf\target\test-classes;C:\sampleCode ThymeLeaf\spring-boot-master\spring-boot-master\webflux-thymeleaf\target\classes;C:\soft\repo\org\springframework\boot\spring-boot-starter-webflux\2.1.2.RELEASE\spring-boot-starter-webflux-2.1.2.RELEASE.jar;C:\soft\repo\org\springframework\boot\spring-boot-starter\2.1.2.RELEASE\spring-boot-starter-2.1.2.RELEASE.jar;C:\soft\repo\org\springframework\boot\spring-boot-starter-logging\2.1.2.RELEASE\spring-boot-starter-logging-2.1.2.RELEASE.jar;C:\soft\repo\ch\qos\logback\logback-classic\1.2.3\logback-classic-1.2.3.jar;C:\soft\repo\ch\qos\logback\logback-core\1.2.3\logback-core-1.2.3.jar;C:\soft\repo\org\apache\logging\log4j\log4j-to-slf4j\2.11.1\log4j-to-slf4j-2.11.1.jar;C:\soft\repo\org\apache\logging\log4j\log4j-api\2.11.1\log4j-api-2.11.1.jar;C:\soft\repo\org\slf4j\jul-to-slf4j\1.7.25\jul-to-slf4j-1.7.25.jar;C:\soft\repo\javax\annotation\javax.annotation-api\1.3.2\javax.annotation-api-1.3.2.jar;C:\soft\repo\org\yaml\snakeyaml\1.23\snakeyaml-1.23.jar;C:\soft\repo\org\springframework\boot\spring-boot-starter-json\2.1.2.RELEASE\spring-boot-starter-json-2.1.2.RELEASE.jar;C:\soft\repo\com\fasterxml\jackson\core\jackson-databind\2.9.8\jackson-databind-2.9.8.jar;C:\soft\repo\com\fasterxml\jackson\core\jackson-annotations\2.9.0\jackson-annotations-2.9.0.jar;C:\soft\repo\com\fasterxml\jackson\core\jackson-core\2.9.8\jackson-core-2.9.8.jar;C:\soft\repo\com\fasterxml\jackson\datatype\jackson-datatype-jdk8\2.9.8\jackson-datatype-jdk8-2.9.8.jar;C:\soft\repo\com\fasterxml\jackson\datatype\jackson-datatype-jsr310\2.9.8\jackson-datatype-jsr310-2.9.8.jar;C:\soft\repo\com\fasterxml\jackson\module\jackson-module-parameter-names\2.9.8\jackson-module-parameter-names-2.9.8.jar;C:\soft\repo\org\springframework\boot\spring-boot-starter-reactor-netty\2.1.2.RELEASE\spring-boot-starter-reactor-netty-2.1.2.RELEASE.jar;C:\soft\repo\io\projectreactor\netty\reactor-netty\0.8.4.RELEASE\reactor-netty-0.8.4.RELEASE.jar;C:\soft\repo\io\netty\netty-codec-http\4.1.31.Final\netty-codec-http-4.1.31.Final.jar;C:\soft\repo\io\netty\netty-codec\4.1.31.Final\netty-codec-4.1.31.Final.jar;C:\soft\repo\io\netty\netty-codec-http2\4.1.31.Final\netty-codec-http2-4.1.31.Final.jar;C:\soft\repo\io\netty\netty-handler\4.1.31.Final\netty-handler-4.1.31.Final.jar;C:\soft\repo\io\netty\netty-buffer\4.1.31.Final\netty-buffer-4.1.31.Final.jar;C:\soft\repo\io\netty\netty-transport\4.1.31.Final\netty-transport-4.1.31.Final.jar;C:\soft\repo\io\netty\netty-resolver\4.1.31.Final\netty-resolver-4.1.31.Final.jar;C:\soft\repo\io\netty\netty-handler-proxy\4.1.31.Final\netty-handler-proxy-4.1.31.Final.jar;C:\soft\repo\io\netty\netty-codec-socks\4.1.31.Final\netty-codec-socks-4.1.31.Final.jar;C:\soft\repo\io\netty\netty-transport-native-epoll\4.1.31.Final\netty-transport-native-epoll-4.1.31.Final-linux-x86_64.jar;C:\soft\repo\io\netty\netty-common\4.1.31.Final\netty-common-4.1.31.Final.jar;C:\soft\repo\io\netty\netty-transport-native-unix-common\4.1.31.Final\netty-transport-native-unix-common-4.1.31.Final.jar;C:\soft\repo\org\hibernate\validator\hibernate-validator\6.0.14.Final\hibernate-validator-6.0.14.Final.jar;C:\soft\repo\javax\validation\validation-api\2.0.1.Final\validation-api-2.0.1.Final.jar;C:\soft\repo\org\jboss\logging\jboss-logging\3.3.2.Final\jboss-logging-3.3.2.Final.jar;C:\soft\repo\com\fasterxml\classmate\1.4.0\classmate-1.4.0.jar;C:\soft\repo\org\springframework\spring-web\5.1.4.RELEASE\spring-web-5.1.4.RELEASE.jar;C:\soft\repo\org\springframework\spring-beans\5.1.4.RELEASE\spring-beans-5.1.4.RELEASE.jar;C:\soft\repo\org\springframework\spring-webflux\5.1.4.RELEASE\spring-webflux-5.1.4.RELEASE.jar;C:\soft\repo\io\projectreactor\reactor-core\3.2.5.RELEASE\reactor-core-3.2.5.RELEASE.jar;C:\soft\repo\org\reactivestreams\reactive-streams\1.0.2\reactive-streams-1.0.2.jar;C:\soft\repo\org\synchronoss\cloud\nio-multipart-parser\1.1.0\nio-multipart-parser-1.1.0.jar;C:\soft\repo\org\slf4j\slf4j-api\1.7.25\slf4j-api-1.7.25.jar;C:\soft\repo\org\synchronoss\cloud\nio-stream-storage\1.1.3\nio-stream-storage-1.1.3.jar;C:\soft\repo\org\springframework\boot\spring-boot-starter-thymeleaf\2.1.2.RELEASE\spring-boot-starter-thymeleaf-2.1.2.RELEASE.jar;C:\soft\repo\org\thymeleaf\thymeleaf-spring5\3.0.11.RELEASE\thymeleaf-spring5-3.0.11.RELEASE.jar;C:\soft\repo\org\thymeleaf\thymeleaf\3.0.11.RELEASE\thymeleaf-3.0.11.RELEASE.jar;C:\soft\repo\org\attoparser\attoparser\2.0.5.RELEASE\attoparser-2.0.5.RELEASE.jar;C:\soft\repo\org\unbescape\unbescape\1.1.6.RELEASE\unbescape-1.1.6.RELEASE.jar;C:\soft\repo\org\thymeleaf\extras\thymeleaf-extras-java8time\3.0.2.RELEASE\thymeleaf-extras-java8time-3.0.2.RELEASE.jar;C:\soft\repo\org\springframework\boot\spring-boot-starter-test\2.1.2.RELEASE\spring-boot-starter-test-2.1.2.RELEASE.jar;C:\soft\repo\org\springframework\boot\spring-boot-test\2.1.2.RELEASE\spring-boot-test-2.1.2.RELEASE.jar;C:\soft\repo\org\springframework\boot\spring-boot-test-autoconfigure\2.1.2.RELEASE\spring-boot-test-autoconfigure-2.1.2.RELEASE.jar;C:\soft\repo\com\jayway\jsonpath\json-path\2.4.0\json-path-2.4.0.jar;C:\soft\repo\net\minidev\json-smart\2.3\json-smart-2.3.jar;C:\soft\repo\net\minidev\accessors-smart\1.2\accessors-smart-1.2.jar;C:\soft\repo\org\ow2\asm\asm\5.0.4\asm-5.0.4.jar;C:\soft\repo\junit\junit\4.12\junit-4.12.jar;C:\soft\repo\org\assertj\assertj-core\3.11.1\assertj-core-3.11.1.jar;C:\soft\repo\org\mockito\mockito-core\2.23.4\mockito-core-2.23.4.jar;C:\soft\repo\net\bytebuddy\byte-buddy\1.9.7\byte-buddy-1.9.7.jar;C:\soft\repo\net\bytebuddy\byte-buddy-agent\1.9.7\byte-buddy-agent-1.9.7.jar;C:\soft\repo\org\objenesis\objenesis\2.6\objenesis-2.6.jar;C:\soft\repo\org\hamcrest\hamcrest-core\1.3\hamcrest-core-1.3.jar;C:\soft\repo\org\hamcrest\hamcrest-library\1.3\hamcrest-library-1.3.jar;C:\soft\repo\org\skyscreamer\jsonassert\1.5.0\jsonassert-1.5.0.jar;C:\soft\repo\com\vaadin\external\google\android-json\0.0.20131108.vaadin1\android-json-0.0.20131108.vaadin1.jar;C:\soft\repo\org\springframework\spring-core\5.1.4.RELEASE\spring-core-5.1.4.RELEASE.jar;C:\soft\repo\org\springframework\spring-jcl\5.1.4.RELEASE\spring-jcl-5.1.4.RELEASE.jar;C:\soft\repo\org\springframework\spring-test\5.1.4.RELEASE\spring-test-5.1.4.RELEASE.jar;C:\soft\repo\org\xmlunit\xmlunit-core\2.6.2\xmlunit-core-2.6.2.jar;C:\soft\repo\org\springframework\boot\spring-boot-devtools\2.1.2.RELEASE\spring-boot-devtools-2.1.2.RELEASE.jar;C:\soft\repo\org\springframework\boot\spring-boot\2.1.2.RELEASE\spring-boot-2.1.2.RELEASE.jar;C:\soft\repo\org\springframework\spring-context\5.1.4.RELEASE\spring-context-5.1.4.RELEASE.jar;C:\soft\repo\org\springframework\spring-aop\5.1.4.RELEASE\spring-aop-5.1.4.RELEASE.jar;C:\soft\repo\org\springframework\spring-expression\5.1.4.RELEASE\spring-expression-5.1.4.RELEASE.jar;C:\soft\repo\org\springframework\boot\spring-boot-autoconfigure\2.1.2.RELEASE\spring-boot-autoconfigure-2.1.2.RELEASE.jar;"/>
    <property name="java.vm.vendor" value="Oracle Corporation"/>
    <property name="sun.arch.data.model" value="32"/>
    <property name="user.variant" value=""/>
    <property name="java.vendor.url" value="http://java.oracle.com/"/>
    <property name="user.timezone" value="Asia/Bangkok"/>
    <property name="java.vm.specification.version" value="1.8"/>
    <property name="os.name" value="Windows 10"/>
    <property name="user.country" value="US"/>
    <property name="sun.java.launcher" value="SUN_STANDARD"/>
    <property name="sun.boot.library.path" value="C:\Program Files (x86)\Java\jdk1.8.0_231\jre\bin"/>
    <property name="sun.java.command" value="C:\Users\hcmtnphuong\AppData\Local\Temp\surefire2234596627747034534\surefirebooter4166291610686435574.jar C:\Users\hcmtnphuong\AppData\Local\Temp\surefire2234596627747034534 2020-04-29T17-27-43_442-jvmRun1 surefire7276935680455606599tmp surefire_07337614260753112952tmp"/>
    <property name="surefire.test.class.path" value="C:\sampleCode ThymeLeaf\spring-boot-master\spring-boot-master\webflux-thymeleaf\target\test-classes;C:\sampleCode ThymeLeaf\spring-boot-master\spring-boot-master\webflux-thymeleaf\target\classes;C:\soft\repo\org\springframework\boot\spring-boot-starter-webflux\2.1.2.RELEASE\spring-boot-starter-webflux-2.1.2.RELEASE.jar;C:\soft\repo\org\springframework\boot\spring-boot-starter\2.1.2.RELEASE\spring-boot-starter-2.1.2.RELEASE.jar;C:\soft\repo\org\springframework\boot\spring-boot-starter-logging\2.1.2.RELEASE\spring-boot-starter-logging-2.1.2.RELEASE.jar;C:\soft\repo\ch\qos\logback\logback-classic\1.2.3\logback-classic-1.2.3.jar;C:\soft\repo\ch\qos\logback\logback-core\1.2.3\logback-core-1.2.3.jar;C:\soft\repo\org\apache\logging\log4j\log4j-to-slf4j\2.11.1\log4j-to-slf4j-2.11.1.jar;C:\soft\repo\org\apache\logging\log4j\log4j-api\2.11.1\log4j-api-2.11.1.jar;C:\soft\repo\org\slf4j\jul-to-slf4j\1.7.25\jul-to-slf4j-1.7.25.jar;C:\soft\repo\javax\annotation\javax.annotation-api\1.3.2\javax.annotation-api-1.3.2.jar;C:\soft\repo\org\yaml\snakeyaml\1.23\snakeyaml-1.23.jar;C:\soft\repo\org\springframework\boot\spring-boot-starter-json\2.1.2.RELEASE\spring-boot-starter-json-2.1.2.RELEASE.jar;C:\soft\repo\com\fasterxml\jackson\core\jackson-databind\2.9.8\jackson-databind-2.9.8.jar;C:\soft\repo\com\fasterxml\jackson\core\jackson-annotations\2.9.0\jackson-annotations-2.9.0.jar;C:\soft\repo\com\fasterxml\jackson\core\jackson-core\2.9.8\jackson-core-2.9.8.jar;C:\soft\repo\com\fasterxml\jackson\datatype\jackson-datatype-jdk8\2.9.8\jackson-datatype-jdk8-2.9.8.jar;C:\soft\repo\com\fasterxml\jackson\datatype\jackson-datatype-jsr310\2.9.8\jackson-datatype-jsr310-2.9.8.jar;C:\soft\repo\com\fasterxml\jackson\module\jackson-module-parameter-names\2.9.8\jackson-module-parameter-names-2.9.8.jar;C:\soft\repo\org\springframework\boot\spring-boot-starter-reactor-netty\2.1.2.RELEASE\spring-boot-starter-reactor-netty-2.1.2.RELEASE.jar;C:\soft\repo\io\projectreactor\netty\reactor-netty\0.8.4.RELEASE\reactor-netty-0.8.4.RELEASE.jar;C:\soft\repo\io\netty\netty-codec-http\4.1.31.Final\netty-codec-http-4.1.31.Final.jar;C:\soft\repo\io\netty\netty-codec\4.1.31.Final\netty-codec-4.1.31.Final.jar;C:\soft\repo\io\netty\netty-codec-http2\4.1.31.Final\netty-codec-http2-4.1.31.Final.jar;C:\soft\repo\io\netty\netty-handler\4.1.31.Final\netty-handler-4.1.31.Final.jar;C:\soft\repo\io\netty\netty-buffer\4.1.31.Final\netty-buffer-4.1.31.Final.jar;C:\soft\repo\io\netty\netty-transport\4.1.31.Final\netty-transport-4.1.31.Final.jar;C:\soft\repo\io\netty\netty-resolver\4.1.31.Final\netty-resolver-4.1.31.Final.jar;C:\soft\repo\io\netty\netty-handler-proxy\4.1.31.Final\netty-handler-proxy-4.1.31.Final.jar;C:\soft\repo\io\netty\netty-codec-socks\4.1.31.Final\netty-codec-socks-4.1.31.Final.jar;C:\soft\repo\io\netty\netty-transport-native-epoll\4.1.31.Final\netty-transport-native-epoll-4.1.31.Final-linux-x86_64.jar;C:\soft\repo\io\netty\netty-common\4.1.31.Final\netty-common-4.1.31.Final.jar;C:\soft\repo\io\netty\netty-transport-native-unix-common\4.1.31.Final\netty-transport-native-unix-common-4.1.31.Final.jar;C:\soft\repo\org\hibernate\validator\hibernate-validator\6.0.14.Final\hibernate-validator-6.0.14.Final.jar;C:\soft\repo\javax\validation\validation-api\2.0.1.Final\validation-api-2.0.1.Final.jar;C:\soft\repo\org\jboss\logging\jboss-logging\3.3.2.Final\jboss-logging-3.3.2.Final.jar;C:\soft\repo\com\fasterxml\classmate\1.4.0\classmate-1.4.0.jar;C:\soft\repo\org\springframework\spring-web\5.1.4.RELEASE\spring-web-5.1.4.RELEASE.jar;C:\soft\repo\org\springframework\spring-beans\5.1.4.RELEASE\spring-beans-5.1.4.RELEASE.jar;C:\soft\repo\org\springframework\spring-webflux\5.1.4.RELEASE\spring-webflux-5.1.4.RELEASE.jar;C:\soft\repo\io\projectreactor\reactor-core\3.2.5.RELEASE\reactor-core-3.2.5.RELEASE.jar;C:\soft\repo\org\reactivestreams\reactive-streams\1.0.2\reactive-streams-1.0.2.jar;C:\soft\repo\org\synchronoss\cloud\nio-multipart-parser\1.1.0\nio-multipart-parser-1.1.0.jar;C:\soft\repo\org\slf4j\slf4j-api\1.7.25\slf4j-api-1.7.25.jar;C:\soft\repo\org\synchronoss\cloud\nio-stream-storage\1.1.3\nio-stream-storage-1.1.3.jar;C:\soft\repo\org\springframework\boot\spring-boot-starter-thymeleaf\2.1.2.RELEASE\spring-boot-starter-thymeleaf-2.1.2.RELEASE.jar;C:\soft\repo\org\thymeleaf\thymeleaf-spring5\3.0.11.RELEASE\thymeleaf-spring5-3.0.11.RELEASE.jar;C:\soft\repo\org\thymeleaf\thymeleaf\3.0.11.RELEASE\thymeleaf-3.0.11.RELEASE.jar;C:\soft\repo\org\attoparser\attoparser\2.0.5.RELEASE\attoparser-2.0.5.RELEASE.jar;C:\soft\repo\org\unbescape\unbescape\1.1.6.RELEASE\unbescape-1.1.6.RELEASE.jar;C:\soft\repo\org\thymeleaf\extras\thymeleaf-extras-java8time\3.0.2.RELEASE\thymeleaf-extras-java8time-3.0.2.RELEASE.jar;C:\soft\repo\org\springframework\boot\spring-boot-starter-test\2.1.2.RELEASE\spring-boot-starter-test-2.1.2.RELEASE.jar;C:\soft\repo\org\springframework\boot\spring-boot-test\2.1.2.RELEASE\spring-boot-test-2.1.2.RELEASE.jar;C:\soft\repo\org\springframework\boot\spring-boot-test-autoconfigure\2.1.2.RELEASE\spring-boot-test-autoconfigure-2.1.2.RELEASE.jar;C:\soft\repo\com\jayway\jsonpath\json-path\2.4.0\json-path-2.4.0.jar;C:\soft\repo\net\minidev\json-smart\2.3\json-smart-2.3.jar;C:\soft\repo\net\minidev\accessors-smart\1.2\accessors-smart-1.2.jar;C:\soft\repo\org\ow2\asm\asm\5.0.4\asm-5.0.4.jar;C:\soft\repo\junit\junit\4.12\junit-4.12.jar;C:\soft\repo\org\assertj\assertj-core\3.11.1\assertj-core-3.11.1.jar;C:\soft\repo\org\mockito\mockito-core\2.23.4\mockito-core-2.23.4.jar;C:\soft\repo\net\bytebuddy\byte-buddy\1.9.7\byte-buddy-1.9.7.jar;C:\soft\repo\net\bytebuddy\byte-buddy-agent\1.9.7\byte-buddy-agent-1.9.7.jar;C:\soft\repo\org\objenesis\objenesis\2.6\objenesis-2.6.jar;C:\soft\repo\org\hamcrest\hamcrest-core\1.3\hamcrest-core-1.3.jar;C:\soft\repo\org\hamcrest\hamcrest-library\1.3\hamcrest-library-1.3.jar;C:\soft\repo\org\skyscreamer\jsonassert\1.5.0\jsonassert-1.5.0.jar;C:\soft\repo\com\vaadin\external\google\android-json\0.0.20131108.vaadin1\android-json-0.0.20131108.vaadin1.jar;C:\soft\repo\org\springframework\spring-core\5.1.4.RELEASE\spring-core-5.1.4.RELEASE.jar;C:\soft\repo\org\springframework\spring-jcl\5.1.4.RELEASE\spring-jcl-5.1.4.RELEASE.jar;C:\soft\repo\org\springframework\spring-test\5.1.4.RELEASE\spring-test-5.1.4.RELEASE.jar;C:\soft\repo\org\xmlunit\xmlunit-core\2.6.2\xmlunit-core-2.6.2.jar;C:\soft\repo\org\springframework\boot\spring-boot-devtools\2.1.2.RELEASE\spring-boot-devtools-2.1.2.RELEASE.jar;C:\soft\repo\org\springframework\boot\spring-boot\2.1.2.RELEASE\spring-boot-2.1.2.RELEASE.jar;C:\soft\repo\org\springframework\spring-context\5.1.4.RELEASE\spring-context-5.1.4.RELEASE.jar;C:\soft\repo\org\springframework\spring-aop\5.1.4.RELEASE\spring-aop-5.1.4.RELEASE.jar;C:\soft\repo\org\springframework\spring-expression\5.1.4.RELEASE\spring-expression-5.1.4.RELEASE.jar;C:\soft\repo\org\springframework\boot\spring-boot-autoconfigure\2.1.2.RELEASE\spring-boot-autoconfigure-2.1.2.RELEASE.jar;"/>
    <property name="sun.cpu.endian" value="little"/>
    <property name="user.home" value="C:\Users\hcmtnphuong"/>
    <property name="user.language" value="en"/>
    <property name="java.specification.vendor" value="Oracle Corporation"/>
    <property name="java.home" value="C:\Program Files (x86)\Java\jdk1.8.0_231\jre"/>
    <property name="basedir" value="C:\sampleCode ThymeLeaf\spring-boot-master\spring-boot-master\webflux-thymeleaf"/>
    <property name="file.separator" value="\"/>
    <property name="line.separator" value="&#10;"/>
    <property name="idea.version2019.2.3" value="true"/>
    <property name="java.vm.specification.vendor" value="Oracle Corporation"/>
    <property name="java.specification.name" value="Java Platform API Specification"/>
    <property name="java.awt.graphicsenv" value="sun.awt.Win32GraphicsEnvironment"/>
    <property name="surefire.real.class.path" value="C:\Users\hcmtnphuong\AppData\Local\Temp\surefire2234596627747034534\surefirebooter4166291610686435574.jar"/>
    <property name="sun.boot.class.path" value="C:\Program Files (x86)\Java\jdk1.8.0_231\jre\lib\resources.jar;C:\Program Files (x86)\Java\jdk1.8.0_231\jre\lib\rt.jar;C:\Program Files (x86)\Java\jdk1.8.0_231\jre\lib\sunrsasign.jar;C:\Program Files (x86)\Java\jdk1.8.0_231\jre\lib\jsse.jar;C:\Program Files (x86)\Java\jdk1.8.0_231\jre\lib\jce.jar;C:\Program Files (x86)\Java\jdk1.8.0_231\jre\lib\charsets.jar;C:\Program Files (x86)\Java\jdk1.8.0_231\jre\lib\jfr.jar;C:\Program Files (x86)\Java\jdk1.8.0_231\jre\classes"/>
    <property name="user.script" value=""/>
    <property name="sun.management.compiler" value="HotSpot Client Compiler"/>
    <property name="java.runtime.version" value="1.8.0_231-b11"/>
    <property name="user.name" value="hcmtnphuong"/>
    <property name="path.separator" value=";"/>
    <property name="os.version" value="10.0"/>
    <property name="java.endorsed.dirs" value="C:\Program Files (x86)\Java\jdk1.8.0_231\jre\lib\endorsed"/>
    <property name="java.runtime.name" value="Java(TM) SE Runtime Environment"/>
    <property name="file.encoding" value="Cp1252"/>
    <property name="java.vm.name" value="Java HotSpot(TM) Client VM"/>
    <property name="localRepository" value="C:\soft\repo"/>
    <property name="java.vendor.url.bug" value="http://bugreport.sun.com/bugreport/"/>
    <property name="java.io.tmpdir" value="C:\Users\hcmtnphuong\AppData\Local\Temp\"/>
    <property name="java.version" value="1.8.0_231"/>
    <property name="user.dir" value="C:\sampleCode ThymeLeaf\spring-boot-master\spring-boot-master\webflux-thymeleaf"/>
    <property name="os.arch" value="x86"/>
    <property name="java.vm.specification.name" value="Java Virtual Machine Specification"/>
    <property name="java.awt.printerjob" value="sun.awt.windows.WPrinterJob"/>
    <property name="sun.os.patch.level" value=""/>
    <property name="java.library.path" value="C:\Program Files (x86)\Java\jdk1.8.0_231\jre\bin;C:\Windows\Sun\Java\bin;C:\Windows\system32;C:\Windows;C:\ProgramData\Oracle\Java\javapath;C:\Program Files (x86)\Common Files\Oracle\Java\javapath;C:\Program Files (x86)\Java\jdk1.8.0_121\bin;C:\Prudential_Software_Working\apache-maven-3.6.0\apache-maven-3.6.0\bin;C:\Users\hcmtnphuong\AppData\Local\Microsoft\WindowsApps;C:\soft\jdk-8u172-windows-x64\bin;;."/>
    <property name="java.vm.info" value="mixed mode"/>
    <property name="java.vendor" value="Oracle Corporation"/>
    <property name="java.vm.version" value="25.231-b11"/>
    <property name="java.ext.dirs" value="C:\Program Files (x86)\Java\jdk1.8.0_231\jre\lib\ext;C:\Windows\Sun\Java\lib\ext"/>
    <property name="sun.io.unicode.encoding" value="UnicodeLittle"/>
    <property name="java.class.version" value="52.0"/>
  </properties>
  <testcase name="testWelcome" classname="com.mkyong.reactive.TestWeb" time="0.262"/>
</testsuite>